<?xml version="1.0" encoding="UTF-8"?>
<!-- Generated by org.testng.reporters.JUnitXMLReporter -->
<testsuite hostname="Naveen-Mac.local" ignored="2" name="My Sample Test" tests="2" failures="0" timestamp="23 Apr 2020 01:35:40 GMT" time="0.035" errors="0">
  <testcase name="createContactTest" time="0.007" classname="TestNGSessions.ContactsTest"/>
  <testcase name="header" time="0.001" classname="TestNGSessions.HomeTest"/>
  <testcase name="@AfterTest tearDown" time="0.0" classname="TestNGSessions.BaseTest">
    <ignored/>
  </testcase> <!-- @AfterTest tearDown -->
  <testcase name="@BeforeTest setup" time="0.0" classname="TestNGSessions.BaseTest">
    <ignored/>
  </testcase> <!-- @BeforeTest setup -->
</testsuite> <!-- My Sample Test -->
