<?xml version="1.0" encoding="UTF-8"?>
<testng-results skipped="0" failed="0" ignored="4" total="8" passed="4">
  <reporter-output>
  </reporter-output>
  <suite name="My Sample Test Suite" duration-ms="14863" started-at="2020-04-23T02:23:14Z" finished-at="2020-04-23T02:23:29Z">
    <groups>
    </groups>
    <test name="My Sample App Test - chrome" duration-ms="7301" started-at="2020-04-23T02:23:14Z" finished-at="2020-04-23T02:23:22Z">
      <class name="TestNGSessions.ContactsTest">
        <test-method status="PASS" signature="setup(java.lang.String, java.lang.String, java.lang.String)[pri:0, instance:TestNGSessions.ContactsTest@91161c7]" name="setup" is-config="true" duration-ms="6941" started-at="2020-04-23T07:53:14Z" finished-at="2020-04-23T07:53:21Z">
          <params>
            <param index="0">
              <value>
                <![CDATA[chrome]]>
              </value>
            </param>
            <param index="1">
              <value>
                <![CDATA[http://www.google.com]]>
              </value>
            </param>
            <param index="2">
              <value>
                <![CDATA[no]]>
              </value>
            </param>
          </params>
          <reporter-output>
          </reporter-output>
        </test-method> <!-- setup -->
        <test-method status="PASS" signature="createContactTest()[pri:0, instance:TestNGSessions.ContactsTest@91161c7]" name="createContactTest" duration-ms="20" started-at="2020-04-23T07:53:21Z" finished-at="2020-04-23T07:53:21Z">
          <reporter-output>
          </reporter-output>
        </test-method> <!-- createContactTest -->
        <test-method status="PASS" signature="tearDown()[pri:0, instance:TestNGSessions.ContactsTest@91161c7]" name="tearDown" is-config="true" duration-ms="281" started-at="2020-04-23T07:53:21Z" finished-at="2020-04-23T07:53:22Z">
          <reporter-output>
          </reporter-output>
        </test-method> <!-- tearDown -->
      </class> <!-- TestNGSessions.ContactsTest -->
      <class name="TestNGSessions.HomeTest">
        <test-method status="PASS" signature="header()[pri:0, instance:TestNGSessions.HomeTest@604ed9f0]" name="header" duration-ms="12" started-at="2020-04-23T07:53:21Z" finished-at="2020-04-23T07:53:21Z">
          <reporter-output>
          </reporter-output>
        </test-method> <!-- header -->
      </class> <!-- TestNGSessions.HomeTest -->
    </test> <!-- My Sample App Test - chrome -->
    <test name="My Sample App Test  - firefox" duration-ms="14863" started-at="2020-04-23T02:23:14Z" finished-at="2020-04-23T02:23:29Z">
      <class name="TestNGSessions.ContactsTest">
        <test-method status="PASS" signature="setup(java.lang.String, java.lang.String, java.lang.String)[pri:0, instance:TestNGSessions.ContactsTest@13deb50e]" name="setup" is-config="true" duration-ms="12040" started-at="2020-04-23T07:53:14Z" finished-at="2020-04-23T07:53:26Z">
          <params>
            <param index="0">
              <value>
                <![CDATA[firefox]]>
              </value>
            </param>
            <param index="1">
              <value>
                <![CDATA[http://www.google.com]]>
              </value>
            </param>
            <param index="2">
              <value>
                <![CDATA[no]]>
              </value>
            </param>
          </params>
          <reporter-output>
          </reporter-output>
        </test-method> <!-- setup -->
        <test-method status="PASS" signature="createContactTest()[pri:0, instance:TestNGSessions.ContactsTest@13deb50e]" name="createContactTest" duration-ms="3" started-at="2020-04-23T07:53:26Z" finished-at="2020-04-23T07:53:26Z">
          <reporter-output>
          </reporter-output>
        </test-method> <!-- createContactTest -->
        <test-method status="PASS" signature="tearDown()[pri:0, instance:TestNGSessions.ContactsTest@13deb50e]" name="tearDown" is-config="true" duration-ms="2797" started-at="2020-04-23T07:53:26Z" finished-at="2020-04-23T07:53:29Z">
          <reporter-output>
          </reporter-output>
        </test-method> <!-- tearDown -->
      </class> <!-- TestNGSessions.ContactsTest -->
      <class name="TestNGSessions.HomeTest">
        <test-method status="PASS" signature="header()[pri:0, instance:TestNGSessions.HomeTest@239963d8]" name="header" duration-ms="5" started-at="2020-04-23T07:53:26Z" finished-at="2020-04-23T07:53:26Z">
          <reporter-output>
          </reporter-output>
        </test-method> <!-- header -->
      </class> <!-- TestNGSessions.HomeTest -->
    </test> <!-- My Sample App Test  - firefox -->
  </suite> <!-- My Sample Test Suite -->
</testng-results>
